<?xml version="1.0" encoding="UTF-8"?>
<!-- Generated by org.testng.reporters.JUnitReportReporter -->
<testsuite skipped="0" hostname="DESKTOP-63ROSJ3" name="com.zoho.genriclibraries.BaseTest" tests="1" failures="0" timestamp="24 Nov 2019 00:16:52 GMT" time="12.421" errors="0">
  <testcase name="openBrowser" time="12.421" classname="com.zoho.genriclibraries.BaseTest"/>
</testsuite> <!-- com.zoho.genriclibraries.BaseTest -->
