<?xml version="1.0" encoding="UTF-8"?>
<!-- Generated by org.testng.reporters.JUnitReportReporter -->
<testsuite skipped="0" hostname="DESKTOP-63ROSJ3" name="test.test1" tests="1" failures="0" timestamp="24 Nov 2019 02:58:40 GMT" time="58.973" errors="0">
  <testcase name="maven" time="58.973" classname="test.test1"/>
</testsuite> <!-- test.test1 -->
