<?xml version="1.0" encoding="UTF-8"?>
<!-- Generated by org.testng.reporters.JUnitReportReporter -->
<testsuite skipped="0" hostname="Lenovo-PC" name="campaignModule.CreateAndCloneCampaign" tests="1" failures="0" timestamp="2019-11-25T13:34:47 IST" time="35.927" errors="0">
  <testcase name="verifyCloneCampaign" time="35.927" classname="campaignModule.CreateAndCloneCampaign"/>
</testsuite> <!-- campaignModule.CreateAndCloneCampaign -->
